Drill report for Stepper Module.kicad_pcb
Created on 30-May-24 5:48:34 PM

Copper Layer Stackup:
    =============================================================
    L1 :  F.Cu                      front
    L2 :  In1.Cu                    in1
    L3 :  In2.Cu                    in2
    L4 :  B.Cu                      back


Drill file 'Stepper Module.drl' contains
    plated through holes:
    =============================================================
    T1  0.300mm  0.0118"  (22 holes)
    T2  0.400mm  0.0157"  (197 holes)
    T3  0.400mm  0.0157"  (12 holes)
    T4  0.600mm  0.0236"  (8 holes)  (with 8 slots)
    T5  0.800mm  0.0315"  (2 holes)
    T6  1.000mm  0.0394"  (34 holes)

    Total plated holes count 275


Not plated through holes are merged with plated holes
    unplated through holes:
    =============================================================
    T7  5.000mm  0.1969"  (8 holes)

    Total unplated holes count 8
